0 info it worked if it ends with ok
1 verbose cli [ '/usr/local/bin/node', '/usr/local/bin/npm', 'start' ]
2 info using npm@3.9.5
3 info using node@v4.4.7
4 verbose run-script [ 'prestart', 'start', 'poststart' ]
5 info lifecycle ChadWallaceHart.com@0.0.2-6~prestart: ChadWallaceHart.com@0.0.2-6
6 silly lifecycle ChadWallaceHart.com@0.0.2-6~prestart: no script for prestart, continuing
7 info lifecycle ChadWallaceHart.com@0.0.2-6~start: ChadWallaceHart.com@0.0.2-6
8 verbose lifecycle ChadWallaceHart.com@0.0.2-6~start: unsafe-perm in lifecycle true
9 verbose lifecycle ChadWallaceHart.com@0.0.2-6~start: PATH: /usr/local/lib/node_modules/npm/bin/node-gyp-bin:/Users/tdx/projects/ChadWallaceHart.com/node_modules/.bin:/usr/local/bin:/Users/tdx/.rbenv/shims:/Users/tdx/.rvm/gems/ruby-2.3.0/bin:/Users/tdx/.rvm/gems/ruby-2.3.0@global/bin:/Users/tdx/.rvm/rubies/ruby-2.3.0/bin:/usr/local/bin:/usr/bin:/bin:/usr/sbin:/sbin:/Library/Frameworks/Mono.framework/Versions/Current/Commands:/Users/tdx/.rvm/bin
10 verbose lifecycle ChadWallaceHart.com@0.0.2-6~start: CWD: /Users/tdx/projects/ChadWallaceHart.com
11 silly lifecycle ChadWallaceHart.com@0.0.2-6~start: Args: [ '-c', 'node server.js' ]
12 silly lifecycle ChadWallaceHart.com@0.0.2-6~start: Returned: code: 1  signal: null
13 info lifecycle ChadWallaceHart.com@0.0.2-6~start: Failed to exec start script
14 verbose stack Error: ChadWallaceHart.com@0.0.2-6 start: `node server.js`
14 verbose stack Exit status 1
14 verbose stack     at EventEmitter.<anonymous> (/usr/local/lib/node_modules/npm/lib/utils/lifecycle.js:245:16)
14 verbose stack     at emitTwo (events.js:87:13)
14 verbose stack     at EventEmitter.emit (events.js:172:7)
14 verbose stack     at ChildProcess.<anonymous> (/usr/local/lib/node_modules/npm/lib/utils/spawn.js:24:14)
14 verbose stack     at emitTwo (events.js:87:13)
14 verbose stack     at ChildProcess.emit (events.js:172:7)
14 verbose stack     at maybeClose (internal/child_process.js:827:16)
14 verbose stack     at Process.ChildProcess._handle.onexit (internal/child_process.js:211:5)
15 verbose pkgid ChadWallaceHart.com@0.0.2-6
16 verbose cwd /Users/tdx/projects/ChadWallaceHart.com
17 error Darwin 15.6.0
18 error argv "/usr/local/bin/node" "/usr/local/bin/npm" "start"
19 error node v4.4.7
20 error npm  v3.9.5
21 error code ELIFECYCLE
22 error ChadWallaceHart.com@0.0.2-6 start: `node server.js`
22 error Exit status 1
23 error Failed at the ChadWallaceHart.com@0.0.2-6 start script 'node server.js'.
23 error Make sure you have the latest version of node.js and npm installed.
23 error If you do, this is most likely a problem with the ChadWallaceHart.com package,
23 error not with npm itself.
23 error Tell the author that this fails on your system:
23 error     node server.js
23 error You can get information on how to open an issue for this project with:
23 error     npm bugs ChadWallaceHart.com
23 error Or if that isn't available, you can get their info via:
23 error     npm owner ls ChadWallaceHart.com
23 error There is likely additional logging output above.
24 verbose exit [ 1, true ]
